[INFO] Scanning for projects...
[INFO] 
[INFO] -------------------------< com.bee:beeserver >--------------------------
[INFO] Building beeserver 0.0.1-SNAPSHOT
[INFO]   from pom.xml
[INFO] --------------------------------[ jar ]---------------------------------
[INFO] 
[INFO] >>> spring-boot:3.2.5:run (default-cli) > test-compile @ beeserver >>>
[INFO] 
[INFO] --- resources:3.3.1:resources (default-resources) @ beeserver ---
[INFO] Copying 3 resources from src/main/resources to target/classes
[INFO] Copying 3 resources from src/main/resources to target/classes
[INFO] 
[INFO] --- compiler:3.11.0:compile (default-compile) @ beeserver ---
[INFO] Changes detected - recompiling the module! :source
[INFO] Compiling 34 source files with javac [debug release 17] to target/classes
[INFO] 
[INFO] --- resources:3.3.1:testResources (default-testResources) @ beeserver ---
[INFO] skip non existing resourceDirectory /Users/furkanhazar/Documents/GitHub/beeserver/exp/src/test/resources
[INFO] 
[INFO] --- compiler:3.11.0:testCompile (default-testCompile) @ beeserver ---
[INFO] Changes detected - recompiling the module! :dependency
[INFO] Compiling 1 source file with javac [debug release 17] to target/test-classes
[INFO] 
[INFO] <<< spring-boot:3.2.5:run (default-cli) < test-compile @ beeserver <<<
[INFO] 
[INFO] 
[INFO] --- spring-boot:3.2.5:run (default-cli) @ beeserver ---
[INFO] Attaching agents: []

  .   ____          _            __ _ _
 /\\ / ___'_ __ _ _(_)_ __  __ _ \ \ \ \
( ( )\___ | '_ | '_| | '_ \/ _` | \ \ \ \
 \\/  ___)| |_)| | | | | || (_| |  ) ) ) )
  '  |____| .__|_| |_|_| |_\__, | / / / /
 =========|_|==============|___/=/_/_/_/
 :: Spring Boot ::                (v3.2.5)

2025-12-26T14:11:21.831+03:00  INFO 56762 --- [exp] [           main] com.bee.exp.ExpApplication               : Starting ExpApplication using Java 17.0.17 with PID 56762 (/Users/furkanhazar/Documents/GitHub/beeserver/exp/target/classes started by furkanhazar in /Users/furkanhazar/Documents/GitHub/beeserver/exp)
2025-12-26T14:11:21.832+03:00  INFO 56762 --- [exp] [           main] com.bee.exp.ExpApplication               : No active profile set, falling back to 1 default profile: "default"
2025-12-26T14:11:22.052+03:00  INFO 56762 --- [exp] [           main] .s.d.r.c.RepositoryConfigurationDelegate : Bootstrapping Spring Data JPA repositories in DEFAULT mode.
2025-12-26T14:11:22.078+03:00  INFO 56762 --- [exp] [           main] .s.d.r.c.RepositoryConfigurationDelegate : Finished Spring Data repository scanning in 20 ms. Found 5 JPA repository interfaces.
2025-12-26T14:11:22.257+03:00  INFO 56762 --- [exp] [           main] o.s.b.w.embedded.tomcat.TomcatWebServer  : Tomcat initialized with port 8080 (http)
2025-12-26T14:11:22.262+03:00  INFO 56762 --- [exp] [           main] o.apache.catalina.core.StandardService   : Starting service [Tomcat]
2025-12-26T14:11:22.262+03:00  INFO 56762 --- [exp] [           main] o.apache.catalina.core.StandardEngine    : Starting Servlet engine: [Apache Tomcat/10.1.20]
2025-12-26T14:11:22.288+03:00  INFO 56762 --- [exp] [           main] o.a.c.c.C.[Tomcat].[localhost].[/]       : Initializing Spring embedded WebApplicationContext
2025-12-26T14:11:22.288+03:00  INFO 56762 --- [exp] [           main] w.s.c.ServletWebServerApplicationContext : Root WebApplicationContext: initialization completed in 441 ms
2025-12-26T14:11:22.334+03:00  INFO 56762 --- [exp] [           main] o.hibernate.jpa.internal.util.LogHelper  : HHH000204: Processing PersistenceUnitInfo [name: default]
2025-12-26T14:11:22.354+03:00  INFO 56762 --- [exp] [           main] org.hibernate.Version                    : HHH000412: Hibernate ORM core version 6.4.4.Final
2025-12-26T14:11:22.365+03:00  INFO 56762 --- [exp] [           main] o.h.c.internal.RegionFactoryInitiator    : HHH000026: Second-level cache disabled
2025-12-26T14:11:22.440+03:00  INFO 56762 --- [exp] [           main] o.s.o.j.p.SpringPersistenceUnitInfo      : No LoadTimeWeaver setup: ignoring JPA class transformer
2025-12-26T14:11:22.448+03:00  INFO 56762 --- [exp] [           main] com.zaxxer.hikari.HikariDataSource       : HikariPool-1 - Starting...
2025-12-26T14:11:22.518+03:00  INFO 56762 --- [exp] [           main] com.zaxxer.hikari.pool.HikariPool        : HikariPool-1 - Added connection org.postgresql.jdbc.PgConnection@6060146b
2025-12-26T14:11:22.518+03:00  INFO 56762 --- [exp] [           main] com.zaxxer.hikari.HikariDataSource       : HikariPool-1 - Start completed.
2025-12-26T14:11:22.532+03:00  WARN 56762 --- [exp] [           main] org.hibernate.orm.deprecation            : HHH90000025: PostgreSQLDialect does not need to be specified explicitly using 'hibernate.dialect' (remove the property setting and it will be selected by default)
2025-12-26T14:11:22.877+03:00  INFO 56762 --- [exp] [           main] o.h.e.t.j.p.i.JtaPlatformInitiator       : HHH000489: No JTA platform available (set 'hibernate.transaction.jta.platform' to enable JTA platform integration)
Hibernate: 
    create table admins (
        id bigserial not null,
        created_at timestamp(6) with time zone,
        email varchar(255) not null,
        full_name varchar(255),
        password_hash varchar(255) not null,
        updated_at timestamp(6) with time zone,
        primary key (id)
    )
Hibernate: 
    alter table if exists admins 
       drop constraint if exists UK_47bvqemyk6vlm0w7crc3opdd4
2025-12-26T14:11:22.911+03:00  WARN 56762 --- [exp] [           main] o.h.engine.jdbc.spi.SqlExceptionHelper   : SQL Warning Code: 0, SQLState: 00000
2025-12-26T14:11:22.911+03:00  WARN 56762 --- [exp] [           main] o.h.engine.jdbc.spi.SqlExceptionHelper   : constraint "uk_47bvqemyk6vlm0w7crc3opdd4" of relation "admins" does not exist, skipping
Hibernate: 
    alter table if exists admins 
       add constraint UK_47bvqemyk6vlm0w7crc3opdd4 unique (email)
2025-12-26T14:11:22.960+03:00  INFO 56762 --- [exp] [           main] j.LocalContainerEntityManagerFactoryBean : Initialized JPA EntityManagerFactory for persistence unit 'default'
2025-12-26T14:11:23.111+03:00  WARN 56762 --- [exp] [           main] JpaBaseConfiguration$JpaWebConfiguration : spring.jpa.open-in-view is enabled by default. Therefore, database queries may be performed during view rendering. Explicitly configure spring.jpa.open-in-view to disable this warning
2025-12-26T14:11:23.118+03:00  WARN 56762 --- [exp] [           main] .s.s.UserDetailsServiceAutoConfiguration : 

Using generated security password: 0e4b3a38-4a89-4975-9cb5-d4889c750c4b

This generated password is for development use only. Your security configuration must be updated before running your application in production.

2025-12-26T14:11:23.147+03:00  INFO 56762 --- [exp] [           main] o.s.b.a.w.s.WelcomePageHandlerMapping    : Adding welcome page: class path resource [static/index.html]
2025-12-26T14:11:23.214+03:00  INFO 56762 --- [exp] [           main] o.s.s.web.DefaultSecurityFilterChain     : Will secure any request with [org.springframework.security.web.session.DisableEncodeUrlFilter@762db992, org.springframework.security.web.context.request.async.WebAsyncManagerIntegrationFilter@15a591d9, org.springframework.security.web.context.SecurityContextHolderFilter@66d73e2d, org.springframework.security.web.header.HeaderWriterFilter@55a2f08b, org.springframework.web.filter.CorsFilter@5812935, org.springframework.security.web.authentication.logout.LogoutFilter@22cce199, com.bee.exp.security.JwtAuthFilter@2a5ed225, org.springframework.security.web.savedrequest.RequestCacheAwareFilter@75d9b73c, org.springframework.security.web.servletapi.SecurityContextHolderAwareRequestFilter@5f1a3c4, org.springframework.security.web.authentication.AnonymousAuthenticationFilter@71e9640, org.springframework.security.web.access.ExceptionTranslationFilter@439d649c, org.springframework.security.web.access.intercept.AuthorizationFilter@49c555c3]
2025-12-26T14:11:23.289+03:00  INFO 56762 --- [exp] [           main] o.s.b.w.embedded.tomcat.TomcatWebServer  : Tomcat started on port 8080 (http) with context path ''
2025-12-26T14:11:23.293+03:00  INFO 56762 --- [exp] [           main] com.bee.exp.ExpApplication               : Started ExpApplication in 1.597 seconds (process running for 1.716)
Hibernate: 
    select
        a1_0.id,
        a1_0.created_at,
        a1_0.email,
        a1_0.full_name,
        a1_0.password_hash,
        a1_0.updated_at 
    from
        admins a1_0 
    where
        a1_0.email=?
Hibernate: 
    insert 
    into
        admins
        (created_at, email, full_name, password_hash, updated_at) 
    values
        (?, ?, ?, ?, ?)
Admin user created in admins table: admin@bee.com / admin123
Hibernate: 
    select
        count(*) 
    from
        companies c1_0
2025-12-26T14:13:10.225+03:00  INFO 56762 --- [exp] [nio-8080-exec-1] o.a.c.c.C.[Tomcat].[localhost].[/]       : Initializing Spring DispatcherServlet 'dispatcherServlet'
2025-12-26T14:13:10.225+03:00  INFO 56762 --- [exp] [nio-8080-exec-1] o.s.web.servlet.DispatcherServlet        : Initializing Servlet 'dispatcherServlet'
2025-12-26T14:13:10.225+03:00  INFO 56762 --- [exp] [nio-8080-exec-1] o.s.web.servlet.DispatcherServlet        : Completed initialization in 0 ms
Hibernate: 
    select
        c1_0.id,
        c1_0.created_at,
        c1_0.description,
        c1_0.name,
        c1_0.owner_user_id,
        c1_0.updated_at 
    from
        companies c1_0
Hibernate: 
    select
        u1_0.id,
        u1_0.company_id,
        u1_0.created_at,
        u1_0.email,
        u1_0.enabled,
        u1_0.full_name,
        u1_0.level,
        u1_0.password_hash,
        u1_0.role,
        u1_0.updated_at,
        u1_0.xp 
    from
        users u1_0 
    where
        u1_0.email=?
Hibernate: 
    select
        c1_0.id,
        c1_0.created_at,
        c1_0.description,
        c1_0.name,
        o1_0.id,
        c2_0.id,
        c2_0.created_at,
        c2_0.description,
        c2_0.name,
        c2_0.owner_user_id,
        c2_0.updated_at,
        o1_0.created_at,
        o1_0.email,
        o1_0.enabled,
        o1_0.full_name,
        o1_0.level,
        o1_0.password_hash,
        o1_0.role,
        o1_0.updated_at,
        o1_0.xp,
        c1_0.updated_at 
    from
        companies c1_0 
    left join
        users o1_0 
            on o1_0.id=c1_0.owner_user_id 
    left join
        companies c2_0 
            on c2_0.id=o1_0.company_id 
    where
        c1_0.id=?
Hibernate: 
    insert 
    into
        users
        (company_id, created_at, email, enabled, full_name, level, password_hash, role, updated_at, xp) 
    values
        (?, ?, ?, ?, ?, ?, ?, ?, ?, ?)
Hibernate: 
    select
        u1_0.id,
        u1_0.company_id,
        u1_0.created_at,
        u1_0.email,
        u1_0.enabled,
        u1_0.full_name,
        u1_0.level,
        u1_0.password_hash,
        u1_0.role,
        u1_0.updated_at,
        u1_0.xp 
    from
        users u1_0 
    where
        u1_0.email=?
Hibernate: 
    select
        c1_0.id,
        c1_0.created_at,
        c1_0.description,
        c1_0.name,
        o1_0.id,
        c2_0.id,
        c2_0.created_at,
        c2_0.description,
        c2_0.name,
        c2_0.owner_user_id,
        c2_0.updated_at,
        o1_0.created_at,
        o1_0.email,
        o1_0.enabled,
        o1_0.full_name,
        o1_0.level,
        o1_0.password_hash,
        o1_0.role,
        o1_0.updated_at,
        o1_0.xp,
        c1_0.updated_at 
    from
        companies c1_0 
    left join
        users o1_0 
            on o1_0.id=c1_0.owner_user_id 
    left join
        companies c2_0 
            on c2_0.id=o1_0.company_id 
    where
        c1_0.id=?
2025-12-26T14:13:40.834+03:00 ERROR 56762 --- [exp] [nio-8080-exec-5] o.a.c.c.C.[.[.[/].[dispatcherServlet]    : Servlet.service() for servlet [dispatcherServlet] in context with path [] threw exception [Request processing failed: java.lang.RuntimeException: Account is pending approval.] with root cause

java.lang.RuntimeException: Account is pending approval.
	at com.bee.exp.web.AuthController.login(AuthController.java:63) ~[classes/:na]
	at java.base/jdk.internal.reflect.NativeMethodAccessorImpl.invoke0(Native Method) ~[na:na]
	at java.base/jdk.internal.reflect.NativeMethodAccessorImpl.invoke(NativeMethodAccessorImpl.java:77) ~[na:na]
	at java.base/jdk.internal.reflect.DelegatingMethodAccessorImpl.invoke(DelegatingMethodAccessorImpl.java:43) ~[na:na]
	at java.base/java.lang.reflect.Method.invoke(Method.java:569) ~[na:na]
	at org.springframework.web.method.support.InvocableHandlerMethod.doInvoke(InvocableHandlerMethod.java:255) ~[spring-web-6.1.6.jar:6.1.6]
	at org.springframework.web.method.support.InvocableHandlerMethod.invokeForRequest(InvocableHandlerMethod.java:188) ~[spring-web-6.1.6.jar:6.1.6]
	at org.springframework.web.servlet.mvc.method.annotation.ServletInvocableHandlerMethod.invokeAndHandle(ServletInvocableHandlerMethod.java:118) ~[spring-webmvc-6.1.6.jar:6.1.6]
	at org.springframework.web.servlet.mvc.method.annotation.RequestMappingHandlerAdapter.invokeHandlerMethod(RequestMappingHandlerAdapter.java:926) ~[spring-webmvc-6.1.6.jar:6.1.6]
	at org.springframework.web.servlet.mvc.method.annotation.RequestMappingHandlerAdapter.handleInternal(RequestMappingHandlerAdapter.java:831) ~[spring-webmvc-6.1.6.jar:6.1.6]
	at org.springframework.web.servlet.mvc.method.AbstractHandlerMethodAdapter.handle(AbstractHandlerMethodAdapter.java:87) ~[spring-webmvc-6.1.6.jar:6.1.6]
	at org.springframework.web.servlet.DispatcherServlet.doDispatch(DispatcherServlet.java:1089) ~[spring-webmvc-6.1.6.jar:6.1.6]
	at org.springframework.web.servlet.DispatcherServlet.doService(DispatcherServlet.java:979) ~[spring-webmvc-6.1.6.jar:6.1.6]
	at org.springframework.web.servlet.FrameworkServlet.processRequest(FrameworkServlet.java:1014) ~[spring-webmvc-6.1.6.jar:6.1.6]
	at org.springframework.web.servlet.FrameworkServlet.doPost(FrameworkServlet.java:914) ~[spring-webmvc-6.1.6.jar:6.1.6]
	at jakarta.servlet.http.HttpServlet.service(HttpServlet.java:590) ~[tomcat-embed-core-10.1.20.jar:6.0]
	at org.springframework.web.servlet.FrameworkServlet.service(FrameworkServlet.java:885) ~[spring-webmvc-6.1.6.jar:6.1.6]
	at jakarta.servlet.http.HttpServlet.service(HttpServlet.java:658) ~[tomcat-embed-core-10.1.20.jar:6.0]
	at org.apache.catalina.core.ApplicationFilterChain.internalDoFilter(ApplicationFilterChain.java:206) ~[tomcat-embed-core-10.1.20.jar:10.1.20]
	at org.apache.catalina.core.ApplicationFilterChain.doFilter(ApplicationFilterChain.java:150) ~[tomcat-embed-core-10.1.20.jar:10.1.20]
	at org.apache.tomcat.websocket.server.WsFilter.doFilter(WsFilter.java:51) ~[tomcat-embed-websocket-10.1.20.jar:10.1.20]
	at org.apache.catalina.core.ApplicationFilterChain.internalDoFilter(ApplicationFilterChain.java:175) ~[tomcat-embed-core-10.1.20.jar:10.1.20]
	at org.apache.catalina.core.ApplicationFilterChain.doFilter(ApplicationFilterChain.java:150) ~[tomcat-embed-core-10.1.20.jar:10.1.20]
	at org.springframework.web.filter.OncePerRequestFilter.doFilter(OncePerRequestFilter.java:110) ~[spring-web-6.1.6.jar:6.1.6]
	at org.apache.catalina.core.ApplicationFilterChain.internalDoFilter(ApplicationFilterChain.java:175) ~[tomcat-embed-core-10.1.20.jar:10.1.20]
	at org.apache.catalina.core.ApplicationFilterChain.doFilter(ApplicationFilterChain.java:150) ~[tomcat-embed-core-10.1.20.jar:10.1.20]
	at org.springframework.web.filter.CompositeFilter$VirtualFilterChain.doFilter(CompositeFilter.java:108) ~[spring-web-6.1.6.jar:6.1.6]
	at org.springframework.security.web.FilterChainProxy.lambda$doFilterInternal$3(FilterChainProxy.java:231) ~[spring-security-web-6.2.4.jar:6.2.4]
	at org.springframework.security.web.FilterChainProxy$VirtualFilterChain.doFilter(FilterChainProxy.java:365) ~[spring-security-web-6.2.4.jar:6.2.4]
	at org.springframework.security.web.access.intercept.AuthorizationFilter.doFilter(AuthorizationFilter.java:100) ~[spring-security-web-6.2.4.jar:6.2.4]
	at org.springframework.security.web.FilterChainProxy$VirtualFilterChain.doFilter(FilterChainProxy.java:374) ~[spring-security-web-6.2.4.jar:6.2.4]
	at org.springframework.security.web.access.ExceptionTranslationFilter.doFilter(ExceptionTranslationFilter.java:126) ~[spring-security-web-6.2.4.jar:6.2.4]
	at org.springframework.security.web.access.ExceptionTranslationFilter.doFilter(ExceptionTranslationFilter.java:120) ~[spring-security-web-6.2.4.jar:6.2.4]
	at org.springframework.security.web.FilterChainProxy$VirtualFilterChain.doFilter(FilterChainProxy.java:374) ~[spring-security-web-6.2.4.jar:6.2.4]
	at org.springframework.security.web.authentication.AnonymousAuthenticationFilter.doFilter(AnonymousAuthenticationFilter.java:100) ~[spring-security-web-6.2.4.jar:6.2.4]
	at org.springframework.security.web.FilterChainProxy$VirtualFilterChain.doFilter(FilterChainProxy.java:374) ~[spring-security-web-6.2.4.jar:6.2.4]
	at org.springframework.security.web.servletapi.SecurityContextHolderAwareRequestFilter.doFilter(SecurityContextHolderAwareRequestFilter.java:179) ~[spring-security-web-6.2.4.jar:6.2.4]
	at org.springframework.security.web.FilterChainProxy$VirtualFilterChain.doFilter(FilterChainProxy.java:374) ~[spring-security-web-6.2.4.jar:6.2.4]
	at org.springframework.security.web.savedrequest.RequestCacheAwareFilter.doFilter(RequestCacheAwareFilter.java:63) ~[spring-security-web-6.2.4.jar:6.2.4]
	at org.springframework.security.web.FilterChainProxy$VirtualFilterChain.doFilter(FilterChainProxy.java:374) ~[spring-security-web-6.2.4.jar:6.2.4]
	at com.bee.exp.security.JwtAuthFilter.doFilterInternal(JwtAuthFilter.java:74) ~[classes/:na]
	at org.springframework.web.filter.OncePerRequestFilter.doFilter(OncePerRequestFilter.java:116) ~[spring-web-6.1.6.jar:6.1.6]
	at org.springframework.security.web.FilterChainProxy$VirtualFilterChain.doFilter(FilterChainProxy.java:374) ~[spring-security-web-6.2.4.jar:6.2.4]
	at org.springframework.security.web.authentication.logout.LogoutFilter.doFilter(LogoutFilter.java:107) ~[spring-security-web-6.2.4.jar:6.2.4]
	at org.springframework.security.web.authentication.logout.LogoutFilter.doFilter(LogoutFilter.java:93) ~[spring-security-web-6.2.4.jar:6.2.4]
	at org.springframework.security.web.FilterChainProxy$VirtualFilterChain.doFilter(FilterChainProxy.java:374) ~[spring-security-web-6.2.4.jar:6.2.4]
	at org.springframework.web.filter.CorsFilter.doFilterInternal(CorsFilter.java:91) ~[spring-web-6.1.6.jar:6.1.6]
	at org.springframework.web.filter.OncePerRequestFilter.doFilter(OncePerRequestFilter.java:116) ~[spring-web-6.1.6.jar:6.1.6]
	at org.springframework.security.web.FilterChainProxy$VirtualFilterChain.doFilter(FilterChainProxy.java:374) ~[spring-security-web-6.2.4.jar:6.2.4]
	at org.springframework.security.web.header.HeaderWriterFilter.doHeadersAfter(HeaderWriterFilter.java:90) ~[spring-security-web-6.2.4.jar:6.2.4]
	at org.springframework.security.web.header.HeaderWriterFilter.doFilterInternal(HeaderWriterFilter.java:75) ~[spring-security-web-6.2.4.jar:6.2.4]
	at org.springframework.web.filter.OncePerRequestFilter.doFilter(OncePerRequestFilter.java:116) ~[spring-web-6.1.6.jar:6.1.6]
	at org.springframework.security.web.FilterChainProxy$VirtualFilterChain.doFilter(FilterChainProxy.java:374) ~[spring-security-web-6.2.4.jar:6.2.4]
	at org.springframework.security.web.context.SecurityContextHolderFilter.doFilter(SecurityContextHolderFilter.java:82) ~[spring-security-web-6.2.4.jar:6.2.4]
	at org.springframework.security.web.context.SecurityContextHolderFilter.doFilter(SecurityContextHolderFilter.java:69) ~[spring-security-web-6.2.4.jar:6.2.4]
	at org.springframework.security.web.FilterChainProxy$VirtualFilterChain.doFilter(FilterChainProxy.java:374) ~[spring-security-web-6.2.4.jar:6.2.4]
	at org.springframework.security.web.context.request.async.WebAsyncManagerIntegrationFilter.doFilterInternal(WebAsyncManagerIntegrationFilter.java:62) ~[spring-security-web-6.2.4.jar:6.2.4]
	at org.springframework.web.filter.OncePerRequestFilter.doFilter(OncePerRequestFilter.java:116) ~[spring-web-6.1.6.jar:6.1.6]
	at org.springframework.security.web.FilterChainProxy$VirtualFilterChain.doFilter(FilterChainProxy.java:374) ~[spring-security-web-6.2.4.jar:6.2.4]
	at org.springframework.security.web.session.DisableEncodeUrlFilter.doFilterInternal(DisableEncodeUrlFilter.java:42) ~[spring-security-web-6.2.4.jar:6.2.4]
	at org.springframework.web.filter.OncePerRequestFilter.doFilter(OncePerRequestFilter.java:116) ~[spring-web-6.1.6.jar:6.1.6]
	at org.springframework.security.web.FilterChainProxy$VirtualFilterChain.doFilter(FilterChainProxy.java:374) ~[spring-security-web-6.2.4.jar:6.2.4]
	at org.springframework.security.web.FilterChainProxy.doFilterInternal(FilterChainProxy.java:233) ~[spring-security-web-6.2.4.jar:6.2.4]
	at org.springframework.security.web.FilterChainProxy.doFilter(FilterChainProxy.java:191) ~[spring-security-web-6.2.4.jar:6.2.4]
	at org.springframework.web.filter.CompositeFilter$VirtualFilterChain.doFilter(CompositeFilter.java:113) ~[spring-web-6.1.6.jar:6.1.6]
	at org.springframework.web.servlet.handler.HandlerMappingIntrospector.lambda$createCacheFilter$3(HandlerMappingIntrospector.java:195) ~[spring-webmvc-6.1.6.jar:6.1.6]
	at org.springframework.web.filter.CompositeFilter$VirtualFilterChain.doFilter(CompositeFilter.java:113) ~[spring-web-6.1.6.jar:6.1.6]
	at org.springframework.web.filter.CompositeFilter.doFilter(CompositeFilter.java:74) ~[spring-web-6.1.6.jar:6.1.6]
	at org.springframework.security.config.annotation.web.configuration.WebMvcSecurityConfiguration$CompositeFilterChainProxy.doFilter(WebMvcSecurityConfiguration.java:230) ~[spring-security-config-6.2.4.jar:6.2.4]
	at org.springframework.web.filter.DelegatingFilterProxy.invokeDelegate(DelegatingFilterProxy.java:352) ~[spring-web-6.1.6.jar:6.1.6]
	at org.springframework.web.filter.DelegatingFilterProxy.doFilter(DelegatingFilterProxy.java:268) ~[spring-web-6.1.6.jar:6.1.6]
	at org.apache.catalina.core.ApplicationFilterChain.internalDoFilter(ApplicationFilterChain.java:175) ~[tomcat-embed-core-10.1.20.jar:10.1.20]
	at org.apache.catalina.core.ApplicationFilterChain.doFilter(ApplicationFilterChain.java:150) ~[tomcat-embed-core-10.1.20.jar:10.1.20]
	at org.springframework.web.filter.RequestContextFilter.doFilterInternal(RequestContextFilter.java:100) ~[spring-web-6.1.6.jar:6.1.6]
	at org.springframework.web.filter.OncePerRequestFilter.doFilter(OncePerRequestFilter.java:116) ~[spring-web-6.1.6.jar:6.1.6]
	at org.apache.catalina.core.ApplicationFilterChain.internalDoFilter(ApplicationFilterChain.java:175) ~[tomcat-embed-core-10.1.20.jar:10.1.20]
	at org.apache.catalina.core.ApplicationFilterChain.doFilter(ApplicationFilterChain.java:150) ~[tomcat-embed-core-10.1.20.jar:10.1.20]
	at org.springframework.web.filter.FormContentFilter.doFilterInternal(FormContentFilter.java:93) ~[spring-web-6.1.6.jar:6.1.6]
	at org.springframework.web.filter.OncePerRequestFilter.doFilter(OncePerRequestFilter.java:116) ~[spring-web-6.1.6.jar:6.1.6]
	at org.apache.catalina.core.ApplicationFilterChain.internalDoFilter(ApplicationFilterChain.java:175) ~[tomcat-embed-core-10.1.20.jar:10.1.20]
	at org.apache.catalina.core.ApplicationFilterChain.doFilter(ApplicationFilterChain.java:150) ~[tomcat-embed-core-10.1.20.jar:10.1.20]
	at org.springframework.web.filter.CharacterEncodingFilter.doFilterInternal(CharacterEncodingFilter.java:201) ~[spring-web-6.1.6.jar:6.1.6]
	at org.springframework.web.filter.OncePerRequestFilter.doFilter(OncePerRequestFilter.java:116) ~[spring-web-6.1.6.jar:6.1.6]
	at org.apache.catalina.core.ApplicationFilterChain.internalDoFilter(ApplicationFilterChain.java:175) ~[tomcat-embed-core-10.1.20.jar:10.1.20]
	at org.apache.catalina.core.ApplicationFilterChain.doFilter(ApplicationFilterChain.java:150) ~[tomcat-embed-core-10.1.20.jar:10.1.20]
	at org.apache.catalina.core.StandardWrapperValve.invoke(StandardWrapperValve.java:167) ~[tomcat-embed-core-10.1.20.jar:10.1.20]
	at org.apache.catalina.core.StandardContextValve.invoke(StandardContextValve.java:90) ~[tomcat-embed-core-10.1.20.jar:10.1.20]
	at org.apache.catalina.authenticator.AuthenticatorBase.invoke(AuthenticatorBase.java:482) ~[tomcat-embed-core-10.1.20.jar:10.1.20]
	at org.apache.catalina.core.StandardHostValve.invoke(StandardHostValve.java:115) ~[tomcat-embed-core-10.1.20.jar:10.1.20]
	at org.apache.catalina.valves.ErrorReportValve.invoke(ErrorReportValve.java:93) ~[tomcat-embed-core-10.1.20.jar:10.1.20]
	at org.apache.catalina.core.StandardEngineValve.invoke(StandardEngineValve.java:74) ~[tomcat-embed-core-10.1.20.jar:10.1.20]
	at org.apache.catalina.connector.CoyoteAdapter.service(CoyoteAdapter.java:344) ~[tomcat-embed-core-10.1.20.jar:10.1.20]
	at org.apache.coyote.http11.Http11Processor.service(Http11Processor.java:391) ~[tomcat-embed-core-10.1.20.jar:10.1.20]
	at org.apache.coyote.AbstractProcessorLight.process(AbstractProcessorLight.java:63) ~[tomcat-embed-core-10.1.20.jar:10.1.20]
	at org.apache.coyote.AbstractProtocol$ConnectionHandler.process(AbstractProtocol.java:896) ~[tomcat-embed-core-10.1.20.jar:10.1.20]
	at org.apache.tomcat.util.net.NioEndpoint$SocketProcessor.doRun(NioEndpoint.java:1736) ~[tomcat-embed-core-10.1.20.jar:10.1.20]
	at org.apache.tomcat.util.net.SocketProcessorBase.run(SocketProcessorBase.java:52) ~[tomcat-embed-core-10.1.20.jar:10.1.20]
	at org.apache.tomcat.util.threads.ThreadPoolExecutor.runWorker(ThreadPoolExecutor.java:1191) ~[tomcat-embed-core-10.1.20.jar:10.1.20]
	at org.apache.tomcat.util.threads.ThreadPoolExecutor$Worker.run(ThreadPoolExecutor.java:659) ~[tomcat-embed-core-10.1.20.jar:10.1.20]
	at org.apache.tomcat.util.threads.TaskThread$WrappingRunnable.run(TaskThread.java:63) ~[tomcat-embed-core-10.1.20.jar:10.1.20]
	at java.base/java.lang.Thread.run(Thread.java:840) ~[na:na]

Hibernate: 
    select
        u1_0.id,
        c1_0.id,
        c1_0.created_at,
        c1_0.description,
        c1_0.name,
        o1_0.id,
        o1_0.company_id,
        o1_0.created_at,
        o1_0.email,
        o1_0.enabled,
        o1_0.full_name,
        o1_0.level,
        o1_0.password_hash,
        o1_0.role,
        o1_0.updated_at,
        o1_0.xp,
        c1_0.updated_at,
        u1_0.created_at,
        u1_0.email,
        u1_0.enabled,
        u1_0.full_name,
        u1_0.level,
        u1_0.password_hash,
        u1_0.role,
        u1_0.updated_at,
        u1_0.xp 
    from
        users u1_0 
    left join
        companies c1_0 
            on c1_0.id=u1_0.company_id 
    left join
        users o1_0 
            on o1_0.id=c1_0.owner_user_id 
    where
        u1_0.id=?
Hibernate: 
    select
        u1_0.id,
        c1_0.id,
        c1_0.created_at,
        c1_0.description,
        c1_0.name,
        o1_0.id,
        o1_0.company_id,
        o1_0.created_at,
        o1_0.email,
        o1_0.enabled,
        o1_0.full_name,
        o1_0.level,
        o1_0.password_hash,
        o1_0.role,
        o1_0.updated_at,
        o1_0.xp,
        c1_0.updated_at,
        u1_0.created_at,
        u1_0.email,
        u1_0.enabled,
        u1_0.full_name,
        u1_0.level,
        u1_0.password_hash,
        u1_0.role,
        u1_0.updated_at,
        u1_0.xp 
    from
        users u1_0 
    left join
        companies c1_0 
            on c1_0.id=u1_0.company_id 
    left join
        users o1_0 
            on o1_0.id=c1_0.owner_user_id 
    where
        u1_0.id=?
Hibernate: 
    select
        u1_0.id,
        u1_0.company_id,
        u1_0.created_at,
        u1_0.email,
        u1_0.enabled,
        u1_0.full_name,
        u1_0.level,
        u1_0.password_hash,
        u1_0.role,
        u1_0.updated_at,
        u1_0.xp 
    from
        users u1_0 
    where
        not(u1_0.enabled)
Hibernate: 
    select
        c1_0.id,
        c1_0.created_at,
        c1_0.description,
        c1_0.name,
        o1_0.id,
        c2_0.id,
        c2_0.created_at,
        c2_0.description,
        c2_0.name,
        c2_0.owner_user_id,
        c2_0.updated_at,
        o1_0.created_at,
        o1_0.email,
        o1_0.enabled,
        o1_0.full_name,
        o1_0.level,
        o1_0.password_hash,
        o1_0.role,
        o1_0.updated_at,
        o1_0.xp,
        c1_0.updated_at 
    from
        companies c1_0 
    left join
        users o1_0 
            on o1_0.id=c1_0.owner_user_id 
    left join
        companies c2_0 
            on c2_0.id=o1_0.company_id 
    where
        c1_0.id=?
Hibernate: 
    select
        c1_0.id,
        c1_0.created_at,
        c1_0.description,
        c1_0.name,
        c1_0.owner_user_id,
        c1_0.updated_at 
    from
        companies c1_0
Hibernate: 
    select
        u1_0.id,
        c1_0.id,
        c1_0.created_at,
        c1_0.description,
        c1_0.name,
        o1_0.id,
        o1_0.company_id,
        o1_0.created_at,
        o1_0.email,
        o1_0.enabled,
        o1_0.full_name,
        o1_0.level,
        o1_0.password_hash,
        o1_0.role,
        o1_0.updated_at,
        o1_0.xp,
        c1_0.updated_at,
        u1_0.created_at,
        u1_0.email,
        u1_0.enabled,
        u1_0.full_name,
        u1_0.level,
        u1_0.password_hash,
        u1_0.role,
        u1_0.updated_at,
        u1_0.xp 
    from
        users u1_0 
    left join
        companies c1_0 
            on c1_0.id=u1_0.company_id 
    left join
        users o1_0 
            on o1_0.id=c1_0.owner_user_id 
    where
        u1_0.id=?
Hibernate: 
    select
        u1_0.id,
        c1_0.id,
        c1_0.created_at,
        c1_0.description,
        c1_0.name,
        o1_0.id,
        o1_0.company_id,
        o1_0.created_at,
        o1_0.email,
        o1_0.enabled,
        o1_0.full_name,
        o1_0.level,
        o1_0.password_hash,
        o1_0.role,
        o1_0.updated_at,
        o1_0.xp,
        c1_0.updated_at,
        u1_0.created_at,
        u1_0.email,
        u1_0.enabled,
        u1_0.full_name,
        u1_0.level,
        u1_0.password_hash,
        u1_0.role,
        u1_0.updated_at,
        u1_0.xp 
    from
        users u1_0 
    left join
        companies c1_0 
            on c1_0.id=u1_0.company_id 
    left join
        users o1_0 
            on o1_0.id=c1_0.owner_user_id 
    where
        u1_0.id=?
Hibernate: 
    update
        users 
    set
        company_id=?,
        created_at=?,
        email=?,
        enabled=?,
        full_name=?,
        level=?,
        password_hash=?,
        role=?,
        updated_at=?,
        xp=? 
    where
        id=?
Hibernate: 
    select
        u1_0.id,
        c1_0.id,
        c1_0.created_at,
        c1_0.description,
        c1_0.name,
        o1_0.id,
        o1_0.company_id,
        o1_0.created_at,
        o1_0.email,
        o1_0.enabled,
        o1_0.full_name,
        o1_0.level,
        o1_0.password_hash,
        o1_0.role,
        o1_0.updated_at,
        o1_0.xp,
        c1_0.updated_at,
        u1_0.created_at,
        u1_0.email,
        u1_0.enabled,
        u1_0.full_name,
        u1_0.level,
        u1_0.password_hash,
        u1_0.role,
        u1_0.updated_at,
        u1_0.xp 
    from
        users u1_0 
    left join
        companies c1_0 
            on c1_0.id=u1_0.company_id 
    left join
        users o1_0 
            on o1_0.id=c1_0.owner_user_id 
    where
        u1_0.id=?
Hibernate: 
    select
        u1_0.id,
        u1_0.company_id,
        u1_0.created_at,
        u1_0.email,
        u1_0.enabled,
        u1_0.full_name,
        u1_0.level,
        u1_0.password_hash,
        u1_0.role,
        u1_0.updated_at,
        u1_0.xp 
    from
        users u1_0 
    where
        not(u1_0.enabled)
Hibernate: 
    select
        u1_0.id,
        u1_0.company_id,
        u1_0.created_at,
        u1_0.email,
        u1_0.enabled,
        u1_0.full_name,
        u1_0.level,
        u1_0.password_hash,
        u1_0.role,
        u1_0.updated_at,
        u1_0.xp 
    from
        users u1_0 
    where
        u1_0.email=?
Hibernate: 
    select
        c1_0.id,
        c1_0.created_at,
        c1_0.description,
        c1_0.name,
        o1_0.id,
        c2_0.id,
        c2_0.created_at,
        c2_0.description,
        c2_0.name,
        c2_0.owner_user_id,
        c2_0.updated_at,
        o1_0.created_at,
        o1_0.email,
        o1_0.enabled,
        o1_0.full_name,
        o1_0.level,
        o1_0.password_hash,
        o1_0.role,
        o1_0.updated_at,
        o1_0.xp,
        c1_0.updated_at 
    from
        companies c1_0 
    left join
        users o1_0 
            on o1_0.id=c1_0.owner_user_id 
    left join
        companies c2_0 
            on c2_0.id=o1_0.company_id 
    where
        c1_0.id=?
Hibernate: 
    select
        u1_0.id,
        c1_0.id,
        c1_0.created_at,
        c1_0.description,
        c1_0.name,
        o1_0.id,
        o1_0.company_id,
        o1_0.created_at,
        o1_0.email,
        o1_0.enabled,
        o1_0.full_name,
        o1_0.level,
        o1_0.password_hash,
        o1_0.role,
        o1_0.updated_at,
        o1_0.xp,
        c1_0.updated_at,
        u1_0.created_at,
        u1_0.email,
        u1_0.enabled,
        u1_0.full_name,
        u1_0.level,
        u1_0.password_hash,
        u1_0.role,
        u1_0.updated_at,
        u1_0.xp 
    from
        users u1_0 
    left join
        companies c1_0 
            on c1_0.id=u1_0.company_id 
    left join
        users o1_0 
            on o1_0.id=c1_0.owner_user_id 
    where
        u1_0.id=?
Hibernate: 
    select
        u1_0.id,
        c1_0.id,
        c1_0.created_at,
        c1_0.description,
        c1_0.name,
        o1_0.id,
        o1_0.company_id,
        o1_0.created_at,
        o1_0.email,
        o1_0.enabled,
        o1_0.full_name,
        o1_0.level,
        o1_0.password_hash,
        o1_0.role,
        o1_0.updated_at,
        o1_0.xp,
        c1_0.updated_at,
        u1_0.created_at,
        u1_0.email,
        u1_0.enabled,
        u1_0.full_name,
        u1_0.level,
        u1_0.password_hash,
        u1_0.role,
        u1_0.updated_at,
        u1_0.xp 
    from
        users u1_0 
    left join
        companies c1_0 
            on c1_0.id=u1_0.company_id 
    left join
        users o1_0 
            on o1_0.id=c1_0.owner_user_id 
    where
        u1_0.id=?
Hibernate: 
    select
        c1_0.id,
        c1_0.created_at,
        c1_0.description,
        c1_0.name,
        c1_0.owner_user_id,
        c1_0.updated_at 
    from
        companies c1_0
Hibernate: 
    select
        u1_0.id,
        u1_0.company_id,
        u1_0.created_at,
        u1_0.email,
        u1_0.enabled,
        u1_0.full_name,
        u1_0.level,
        u1_0.password_hash,
        u1_0.role,
        u1_0.updated_at,
        u1_0.xp 
    from
        users u1_0 
    where
        not(u1_0.enabled)
Hibernate: 
    select
        u1_0.id,
        u1_0.company_id,
        u1_0.created_at,
        u1_0.email,
        u1_0.enabled,
        u1_0.full_name,
        u1_0.level,
        u1_0.password_hash,
        u1_0.role,
        u1_0.updated_at,
        u1_0.xp 
    from
        users u1_0 
    where
        u1_0.email=?
Hibernate: 
    select
        a1_0.id,
        a1_0.created_at,
        a1_0.email,
        a1_0.full_name,
        a1_0.password_hash,
        a1_0.updated_at 
    from
        admins a1_0 
    where
        a1_0.email=?
2025-12-26T14:20:13.646+03:00 ERROR 56762 --- [exp] [io-8080-exec-10] o.a.c.c.C.[.[.[/].[dispatcherServlet]    : Servlet.service() for servlet [dispatcherServlet] in context with path [] threw exception [Request processing failed: java.lang.RuntimeException: User not found] with root cause

java.lang.RuntimeException: User not found
	at com.bee.exp.web.AuthController.login(AuthController.java:90) ~[classes/:na]
	at java.base/jdk.internal.reflect.NativeMethodAccessorImpl.invoke0(Native Method) ~[na:na]
	at java.base/jdk.internal.reflect.NativeMethodAccessorImpl.invoke(NativeMethodAccessorImpl.java:77) ~[na:na]
	at java.base/jdk.internal.reflect.DelegatingMethodAccessorImpl.invoke(DelegatingMethodAccessorImpl.java:43) ~[na:na]
	at java.base/java.lang.reflect.Method.invoke(Method.java:569) ~[na:na]
	at org.springframework.web.method.support.InvocableHandlerMethod.doInvoke(InvocableHandlerMethod.java:255) ~[spring-web-6.1.6.jar:6.1.6]
	at org.springframework.web.method.support.InvocableHandlerMethod.invokeForRequest(InvocableHandlerMethod.java:188) ~[spring-web-6.1.6.jar:6.1.6]
	at org.springframework.web.servlet.mvc.method.annotation.ServletInvocableHandlerMethod.invokeAndHandle(ServletInvocableHandlerMethod.java:118) ~[spring-webmvc-6.1.6.jar:6.1.6]
	at org.springframework.web.servlet.mvc.method.annotation.RequestMappingHandlerAdapter.invokeHandlerMethod(RequestMappingHandlerAdapter.java:926) ~[spring-webmvc-6.1.6.jar:6.1.6]
	at org.springframework.web.servlet.mvc.method.annotation.RequestMappingHandlerAdapter.handleInternal(RequestMappingHandlerAdapter.java:831) ~[spring-webmvc-6.1.6.jar:6.1.6]
	at org.springframework.web.servlet.mvc.method.AbstractHandlerMethodAdapter.handle(AbstractHandlerMethodAdapter.java:87) ~[spring-webmvc-6.1.6.jar:6.1.6]
	at org.springframework.web.servlet.DispatcherServlet.doDispatch(DispatcherServlet.java:1089) ~[spring-webmvc-6.1.6.jar:6.1.6]
	at org.springframework.web.servlet.DispatcherServlet.doService(DispatcherServlet.java:979) ~[spring-webmvc-6.1.6.jar:6.1.6]
	at org.springframework.web.servlet.FrameworkServlet.processRequest(FrameworkServlet.java:1014) ~[spring-webmvc-6.1.6.jar:6.1.6]
	at org.springframework.web.servlet.FrameworkServlet.doPost(FrameworkServlet.java:914) ~[spring-webmvc-6.1.6.jar:6.1.6]
	at jakarta.servlet.http.HttpServlet.service(HttpServlet.java:590) ~[tomcat-embed-core-10.1.20.jar:6.0]
	at org.springframework.web.servlet.FrameworkServlet.service(FrameworkServlet.java:885) ~[spring-webmvc-6.1.6.jar:6.1.6]
	at jakarta.servlet.http.HttpServlet.service(HttpServlet.java:658) ~[tomcat-embed-core-10.1.20.jar:6.0]
	at org.apache.catalina.core.ApplicationFilterChain.internalDoFilter(ApplicationFilterChain.java:206) ~[tomcat-embed-core-10.1.20.jar:10.1.20]
	at org.apache.catalina.core.ApplicationFilterChain.doFilter(ApplicationFilterChain.java:150) ~[tomcat-embed-core-10.1.20.jar:10.1.20]
	at org.apache.tomcat.websocket.server.WsFilter.doFilter(WsFilter.java:51) ~[tomcat-embed-websocket-10.1.20.jar:10.1.20]
	at org.apache.catalina.core.ApplicationFilterChain.internalDoFilter(ApplicationFilterChain.java:175) ~[tomcat-embed-core-10.1.20.jar:10.1.20]
	at org.apache.catalina.core.ApplicationFilterChain.doFilter(ApplicationFilterChain.java:150) ~[tomcat-embed-core-10.1.20.jar:10.1.20]
	at org.springframework.web.filter.OncePerRequestFilter.doFilter(OncePerRequestFilter.java:110) ~[spring-web-6.1.6.jar:6.1.6]
	at org.apache.catalina.core.ApplicationFilterChain.internalDoFilter(ApplicationFilterChain.java:175) ~[tomcat-embed-core-10.1.20.jar:10.1.20]
	at org.apache.catalina.core.ApplicationFilterChain.doFilter(ApplicationFilterChain.java:150) ~[tomcat-embed-core-10.1.20.jar:10.1.20]
	at org.springframework.web.filter.CompositeFilter$VirtualFilterChain.doFilter(CompositeFilter.java:108) ~[spring-web-6.1.6.jar:6.1.6]
	at org.springframework.security.web.FilterChainProxy.lambda$doFilterInternal$3(FilterChainProxy.java:231) ~[spring-security-web-6.2.4.jar:6.2.4]
	at org.springframework.security.web.FilterChainProxy$VirtualFilterChain.doFilter(FilterChainProxy.java:365) ~[spring-security-web-6.2.4.jar:6.2.4]
	at org.springframework.security.web.access.intercept.AuthorizationFilter.doFilter(AuthorizationFilter.java:100) ~[spring-security-web-6.2.4.jar:6.2.4]
	at org.springframework.security.web.FilterChainProxy$VirtualFilterChain.doFilter(FilterChainProxy.java:374) ~[spring-security-web-6.2.4.jar:6.2.4]
	at org.springframework.security.web.access.ExceptionTranslationFilter.doFilter(ExceptionTranslationFilter.java:126) ~[spring-security-web-6.2.4.jar:6.2.4]
	at org.springframework.security.web.access.ExceptionTranslationFilter.doFilter(ExceptionTranslationFilter.java:120) ~[spring-security-web-6.2.4.jar:6.2.4]
	at org.springframework.security.web.FilterChainProxy$VirtualFilterChain.doFilter(FilterChainProxy.java:374) ~[spring-security-web-6.2.4.jar:6.2.4]
	at org.springframework.security.web.authentication.AnonymousAuthenticationFilter.doFilter(AnonymousAuthenticationFilter.java:100) ~[spring-security-web-6.2.4.jar:6.2.4]
	at org.springframework.security.web.FilterChainProxy$VirtualFilterChain.doFilter(FilterChainProxy.java:374) ~[spring-security-web-6.2.4.jar:6.2.4]
	at org.springframework.security.web.servletapi.SecurityContextHolderAwareRequestFilter.doFilter(SecurityContextHolderAwareRequestFilter.java:179) ~[spring-security-web-6.2.4.jar:6.2.4]
	at org.springframework.security.web.FilterChainProxy$VirtualFilterChain.doFilter(FilterChainProxy.java:374) ~[spring-security-web-6.2.4.jar:6.2.4]
	at org.springframework.security.web.savedrequest.RequestCacheAwareFilter.doFilter(RequestCacheAwareFilter.java:63) ~[spring-security-web-6.2.4.jar:6.2.4]
	at org.springframework.security.web.FilterChainProxy$VirtualFilterChain.doFilter(FilterChainProxy.java:374) ~[spring-security-web-6.2.4.jar:6.2.4]
	at com.bee.exp.security.JwtAuthFilter.doFilterInternal(JwtAuthFilter.java:74) ~[classes/:na]
	at org.springframework.web.filter.OncePerRequestFilter.doFilter(OncePerRequestFilter.java:116) ~[spring-web-6.1.6.jar:6.1.6]
	at org.springframework.security.web.FilterChainProxy$VirtualFilterChain.doFilter(FilterChainProxy.java:374) ~[spring-security-web-6.2.4.jar:6.2.4]
	at org.springframework.security.web.authentication.logout.LogoutFilter.doFilter(LogoutFilter.java:107) ~[spring-security-web-6.2.4.jar:6.2.4]
	at org.springframework.security.web.authentication.logout.LogoutFilter.doFilter(LogoutFilter.java:93) ~[spring-security-web-6.2.4.jar:6.2.4]
	at org.springframework.security.web.FilterChainProxy$VirtualFilterChain.doFilter(FilterChainProxy.java:374) ~[spring-security-web-6.2.4.jar:6.2.4]
	at org.springframework.web.filter.CorsFilter.doFilterInternal(CorsFilter.java:91) ~[spring-web-6.1.6.jar:6.1.6]
	at org.springframework.web.filter.OncePerRequestFilter.doFilter(OncePerRequestFilter.java:116) ~[spring-web-6.1.6.jar:6.1.6]
	at org.springframework.security.web.FilterChainProxy$VirtualFilterChain.doFilter(FilterChainProxy.java:374) ~[spring-security-web-6.2.4.jar:6.2.4]
	at org.springframework.security.web.header.HeaderWriterFilter.doHeadersAfter(HeaderWriterFilter.java:90) ~[spring-security-web-6.2.4.jar:6.2.4]
	at org.springframework.security.web.header.HeaderWriterFilter.doFilterInternal(HeaderWriterFilter.java:75) ~[spring-security-web-6.2.4.jar:6.2.4]
	at org.springframework.web.filter.OncePerRequestFilter.doFilter(OncePerRequestFilter.java:116) ~[spring-web-6.1.6.jar:6.1.6]
	at org.springframework.security.web.FilterChainProxy$VirtualFilterChain.doFilter(FilterChainProxy.java:374) ~[spring-security-web-6.2.4.jar:6.2.4]
	at org.springframework.security.web.context.SecurityContextHolderFilter.doFilter(SecurityContextHolderFilter.java:82) ~[spring-security-web-6.2.4.jar:6.2.4]
	at org.springframework.security.web.context.SecurityContextHolderFilter.doFilter(SecurityContextHolderFilter.java:69) ~[spring-security-web-6.2.4.jar:6.2.4]
	at org.springframework.security.web.FilterChainProxy$VirtualFilterChain.doFilter(FilterChainProxy.java:374) ~[spring-security-web-6.2.4.jar:6.2.4]
	at org.springframework.security.web.context.request.async.WebAsyncManagerIntegrationFilter.doFilterInternal(WebAsyncManagerIntegrationFilter.java:62) ~[spring-security-web-6.2.4.jar:6.2.4]
	at org.springframework.web.filter.OncePerRequestFilter.doFilter(OncePerRequestFilter.java:116) ~[spring-web-6.1.6.jar:6.1.6]
	at org.springframework.security.web.FilterChainProxy$VirtualFilterChain.doFilter(FilterChainProxy.java:374) ~[spring-security-web-6.2.4.jar:6.2.4]
	at org.springframework.security.web.session.DisableEncodeUrlFilter.doFilterInternal(DisableEncodeUrlFilter.java:42) ~[spring-security-web-6.2.4.jar:6.2.4]
	at org.springframework.web.filter.OncePerRequestFilter.doFilter(OncePerRequestFilter.java:116) ~[spring-web-6.1.6.jar:6.1.6]
	at org.springframework.security.web.FilterChainProxy$VirtualFilterChain.doFilter(FilterChainProxy.java:374) ~[spring-security-web-6.2.4.jar:6.2.4]
	at org.springframework.security.web.FilterChainProxy.doFilterInternal(FilterChainProxy.java:233) ~[spring-security-web-6.2.4.jar:6.2.4]
	at org.springframework.security.web.FilterChainProxy.doFilter(FilterChainProxy.java:191) ~[spring-security-web-6.2.4.jar:6.2.4]
	at org.springframework.web.filter.CompositeFilter$VirtualFilterChain.doFilter(CompositeFilter.java:113) ~[spring-web-6.1.6.jar:6.1.6]
	at org.springframework.web.servlet.handler.HandlerMappingIntrospector.lambda$createCacheFilter$3(HandlerMappingIntrospector.java:195) ~[spring-webmvc-6.1.6.jar:6.1.6]
	at org.springframework.web.filter.CompositeFilter$VirtualFilterChain.doFilter(CompositeFilter.java:113) ~[spring-web-6.1.6.jar:6.1.6]
	at org.springframework.web.filter.CompositeFilter.doFilter(CompositeFilter.java:74) ~[spring-web-6.1.6.jar:6.1.6]
	at org.springframework.security.config.annotation.web.configuration.WebMvcSecurityConfiguration$CompositeFilterChainProxy.doFilter(WebMvcSecurityConfiguration.java:230) ~[spring-security-config-6.2.4.jar:6.2.4]
	at org.springframework.web.filter.DelegatingFilterProxy.invokeDelegate(DelegatingFilterProxy.java:352) ~[spring-web-6.1.6.jar:6.1.6]
	at org.springframework.web.filter.DelegatingFilterProxy.doFilter(DelegatingFilterProxy.java:268) ~[spring-web-6.1.6.jar:6.1.6]
	at org.apache.catalina.core.ApplicationFilterChain.internalDoFilter(ApplicationFilterChain.java:175) ~[tomcat-embed-core-10.1.20.jar:10.1.20]
	at org.apache.catalina.core.ApplicationFilterChain.doFilter(ApplicationFilterChain.java:150) ~[tomcat-embed-core-10.1.20.jar:10.1.20]
	at org.springframework.web.filter.RequestContextFilter.doFilterInternal(RequestContextFilter.java:100) ~[spring-web-6.1.6.jar:6.1.6]
	at org.springframework.web.filter.OncePerRequestFilter.doFilter(OncePerRequestFilter.java:116) ~[spring-web-6.1.6.jar:6.1.6]
	at org.apache.catalina.core.ApplicationFilterChain.internalDoFilter(ApplicationFilterChain.java:175) ~[tomcat-embed-core-10.1.20.jar:10.1.20]
	at org.apache.catalina.core.ApplicationFilterChain.doFilter(ApplicationFilterChain.java:150) ~[tomcat-embed-core-10.1.20.jar:10.1.20]
	at org.springframework.web.filter.FormContentFilter.doFilterInternal(FormContentFilter.java:93) ~[spring-web-6.1.6.jar:6.1.6]
	at org.springframework.web.filter.OncePerRequestFilter.doFilter(OncePerRequestFilter.java:116) ~[spring-web-6.1.6.jar:6.1.6]
	at org.apache.catalina.core.ApplicationFilterChain.internalDoFilter(ApplicationFilterChain.java:175) ~[tomcat-embed-core-10.1.20.jar:10.1.20]
	at org.apache.catalina.core.ApplicationFilterChain.doFilter(ApplicationFilterChain.java:150) ~[tomcat-embed-core-10.1.20.jar:10.1.20]
	at org.springframework.web.filter.CharacterEncodingFilter.doFilterInternal(CharacterEncodingFilter.java:201) ~[spring-web-6.1.6.jar:6.1.6]
	at org.springframework.web.filter.OncePerRequestFilter.doFilter(OncePerRequestFilter.java:116) ~[spring-web-6.1.6.jar:6.1.6]
	at org.apache.catalina.core.ApplicationFilterChain.internalDoFilter(ApplicationFilterChain.java:175) ~[tomcat-embed-core-10.1.20.jar:10.1.20]
	at org.apache.catalina.core.ApplicationFilterChain.doFilter(ApplicationFilterChain.java:150) ~[tomcat-embed-core-10.1.20.jar:10.1.20]
	at org.apache.catalina.core.StandardWrapperValve.invoke(StandardWrapperValve.java:167) ~[tomcat-embed-core-10.1.20.jar:10.1.20]
	at org.apache.catalina.core.StandardContextValve.invoke(StandardContextValve.java:90) ~[tomcat-embed-core-10.1.20.jar:10.1.20]
	at org.apache.catalina.authenticator.AuthenticatorBase.invoke(AuthenticatorBase.java:482) ~[tomcat-embed-core-10.1.20.jar:10.1.20]
	at org.apache.catalina.core.StandardHostValve.invoke(StandardHostValve.java:115) ~[tomcat-embed-core-10.1.20.jar:10.1.20]
	at org.apache.catalina.valves.ErrorReportValve.invoke(ErrorReportValve.java:93) ~[tomcat-embed-core-10.1.20.jar:10.1.20]
	at org.apache.catalina.core.StandardEngineValve.invoke(StandardEngineValve.java:74) ~[tomcat-embed-core-10.1.20.jar:10.1.20]
	at org.apache.catalina.connector.CoyoteAdapter.service(CoyoteAdapter.java:344) ~[tomcat-embed-core-10.1.20.jar:10.1.20]
	at org.apache.coyote.http11.Http11Processor.service(Http11Processor.java:391) ~[tomcat-embed-core-10.1.20.jar:10.1.20]
	at org.apache.coyote.AbstractProcessorLight.process(AbstractProcessorLight.java:63) ~[tomcat-embed-core-10.1.20.jar:10.1.20]
	at org.apache.coyote.AbstractProtocol$ConnectionHandler.process(AbstractProtocol.java:896) ~[tomcat-embed-core-10.1.20.jar:10.1.20]
	at org.apache.tomcat.util.net.NioEndpoint$SocketProcessor.doRun(NioEndpoint.java:1736) ~[tomcat-embed-core-10.1.20.jar:10.1.20]
	at org.apache.tomcat.util.net.SocketProcessorBase.run(SocketProcessorBase.java:52) ~[tomcat-embed-core-10.1.20.jar:10.1.20]
	at org.apache.tomcat.util.threads.ThreadPoolExecutor.runWorker(ThreadPoolExecutor.java:1191) ~[tomcat-embed-core-10.1.20.jar:10.1.20]
	at org.apache.tomcat.util.threads.ThreadPoolExecutor$Worker.run(ThreadPoolExecutor.java:659) ~[tomcat-embed-core-10.1.20.jar:10.1.20]
	at org.apache.tomcat.util.threads.TaskThread$WrappingRunnable.run(TaskThread.java:63) ~[tomcat-embed-core-10.1.20.jar:10.1.20]
	at java.base/java.lang.Thread.run(Thread.java:840) ~[na:na]

Hibernate: 
    select
        u1_0.id,
        u1_0.company_id,
        u1_0.created_at,
        u1_0.email,
        u1_0.enabled,
        u1_0.full_name,
        u1_0.level,
        u1_0.password_hash,
        u1_0.role,
        u1_0.updated_at,
        u1_0.xp 
    from
        users u1_0 
    where
        u1_0.email=?
Hibernate: 
    select
        u1_0.id,
        c1_0.id,
        c1_0.created_at,
        c1_0.description,
        c1_0.name,
        o1_0.id,
        o1_0.company_id,
        o1_0.created_at,
        o1_0.email,
        o1_0.enabled,
        o1_0.full_name,
        o1_0.level,
        o1_0.password_hash,
        o1_0.role,
        o1_0.updated_at,
        o1_0.xp,
        c1_0.updated_at,
        u1_0.created_at,
        u1_0.email,
        u1_0.enabled,
        u1_0.full_name,
        u1_0.level,
        u1_0.password_hash,
        u1_0.role,
        u1_0.updated_at,
        u1_0.xp 
    from
        users u1_0 
    left join
        companies c1_0 
            on c1_0.id=u1_0.company_id 
    left join
        users o1_0 
            on o1_0.id=c1_0.owner_user_id 
    where
        u1_0.id=?
Hibernate: 
    select
        u1_0.id,
        c1_0.id,
        c1_0.created_at,
        c1_0.description,
        c1_0.name,
        o1_0.id,
        o1_0.company_id,
        o1_0.created_at,
        o1_0.email,
        o1_0.enabled,
        o1_0.full_name,
        o1_0.level,
        o1_0.password_hash,
        o1_0.role,
        o1_0.updated_at,
        o1_0.xp,
        c1_0.updated_at,
        u1_0.created_at,
        u1_0.email,
        u1_0.enabled,
        u1_0.full_name,
        u1_0.level,
        u1_0.password_hash,
        u1_0.role,
        u1_0.updated_at,
        u1_0.xp 
    from
        users u1_0 
    left join
        companies c1_0 
            on c1_0.id=u1_0.company_id 
    left join
        users o1_0 
            on o1_0.id=c1_0.owner_user_id 
    where
        u1_0.id=?
Hibernate: 
    select
        c1_0.id,
        c1_0.created_at,
        c1_0.description,
        c1_0.name,
        c1_0.owner_user_id,
        c1_0.updated_at 
    from
        companies c1_0
Hibernate: 
    select
        u1_0.id,
        u1_0.company_id,
        u1_0.created_at,
        u1_0.email,
        u1_0.enabled,
        u1_0.full_name,
        u1_0.level,
        u1_0.password_hash,
        u1_0.role,
        u1_0.updated_at,
        u1_0.xp 
    from
        users u1_0 
    where
        not(u1_0.enabled)
Hibernate: 
    select
        u1_0.id,
        u1_0.company_id,
        u1_0.created_at,
        u1_0.email,
        u1_0.enabled,
        u1_0.full_name,
        u1_0.level,
        u1_0.password_hash,
        u1_0.role,
        u1_0.updated_at,
        u1_0.xp 
    from
        users u1_0 
    where
        u1_0.email=?
Hibernate: 
    select
        c1_0.id,
        c1_0.created_at,
        c1_0.description,
        c1_0.name,
        o1_0.id,
        c2_0.id,
        c2_0.created_at,
        c2_0.description,
        c2_0.name,
        c2_0.owner_user_id,
        c2_0.updated_at,
        o1_0.created_at,
        o1_0.email,
        o1_0.enabled,
        o1_0.full_name,
        o1_0.level,
        o1_0.password_hash,
        o1_0.role,
        o1_0.updated_at,
        o1_0.xp,
        c1_0.updated_at 
    from
        companies c1_0 
    left join
        users o1_0 
            on o1_0.id=c1_0.owner_user_id 
    left join
        companies c2_0 
            on c2_0.id=o1_0.company_id 
    where
        c1_0.id=?
Hibernate: 
    select
        u1_0.id,
        c1_0.id,
        c1_0.created_at,
        c1_0.description,
        c1_0.name,
        o1_0.id,
        o1_0.company_id,
        o1_0.created_at,
        o1_0.email,
        o1_0.enabled,
        o1_0.full_name,
        o1_0.level,
        o1_0.password_hash,
        o1_0.role,
        o1_0.updated_at,
        o1_0.xp,
        c1_0.updated_at,
        u1_0.created_at,
        u1_0.email,
        u1_0.enabled,
        u1_0.full_name,
        u1_0.level,
        u1_0.password_hash,
        u1_0.role,
        u1_0.updated_at,
        u1_0.xp 
    from
        users u1_0 
    left join
        companies c1_0 
            on c1_0.id=u1_0.company_id 
    left join
        users o1_0 
            on o1_0.id=c1_0.owner_user_id 
    where
        u1_0.id=?
Hibernate: 
    insert 
    into
        tasks
        (assigned_to_id, company_id, created_at, description, difficulty, price, status, title, updated_at) 
    values
        (?, ?, ?, ?, ?, ?, ?, ?, ?)
Hibernate: 
    select
        c1_0.id,
        c1_0.created_at,
        c1_0.description,
        c1_0.name,
        c1_0.owner_user_id,
        c1_0.updated_at 
    from
        companies c1_0
Hibernate: 
    select
        u1_0.id,
        u1_0.company_id,
        u1_0.created_at,
        u1_0.email,
        u1_0.enabled,
        u1_0.full_name,
        u1_0.level,
        u1_0.password_hash,
        u1_0.role,
        u1_0.updated_at,
        u1_0.xp 
    from
        users u1_0 
    where
        u1_0.email=?
Hibernate: 
    select
        c1_0.id,
        c1_0.created_at,
        c1_0.description,
        c1_0.name,
        o1_0.id,
        c2_0.id,
        c2_0.created_at,
        c2_0.description,
        c2_0.name,
        c2_0.owner_user_id,
        c2_0.updated_at,
        o1_0.created_at,
        o1_0.email,
        o1_0.enabled,
        o1_0.full_name,
        o1_0.level,
        o1_0.password_hash,
        o1_0.role,
        o1_0.updated_at,
        o1_0.xp,
        c1_0.updated_at 
    from
        companies c1_0 
    left join
        users o1_0 
            on o1_0.id=c1_0.owner_user_id 
    left join
        companies c2_0 
            on c2_0.id=o1_0.company_id 
    where
        c1_0.id=?
Hibernate: 
    select
        u1_0.id,
        c1_0.id,
        c1_0.created_at,
        c1_0.description,
        c1_0.name,
        o1_0.id,
        o1_0.company_id,
        o1_0.created_at,
        o1_0.email,
        o1_0.enabled,
        o1_0.full_name,
        o1_0.level,
        o1_0.password_hash,
        o1_0.role,
        o1_0.updated_at,
        o1_0.xp,
        c1_0.updated_at,
        u1_0.created_at,
        u1_0.email,
        u1_0.enabled,
        u1_0.full_name,
        u1_0.level,
        u1_0.password_hash,
        u1_0.role,
        u1_0.updated_at,
        u1_0.xp 
    from
        users u1_0 
    left join
        companies c1_0 
            on c1_0.id=u1_0.company_id 
    left join
        users o1_0 
            on o1_0.id=c1_0.owner_user_id 
    where
        u1_0.id=?
Hibernate: 
    select
        u1_0.id,
        c1_0.id,
        c1_0.created_at,
        c1_0.description,
        c1_0.name,
        o1_0.id,
        o1_0.company_id,
        o1_0.created_at,
        o1_0.email,
        o1_0.enabled,
        o1_0.full_name,
        o1_0.level,
        o1_0.password_hash,
        o1_0.role,
        o1_0.updated_at,
        o1_0.xp,
        c1_0.updated_at,
        u1_0.created_at,
        u1_0.email,
        u1_0.enabled,
        u1_0.full_name,
        u1_0.level,
        u1_0.password_hash,
        u1_0.role,
        u1_0.updated_at,
        u1_0.xp 
    from
        users u1_0 
    left join
        companies c1_0 
            on c1_0.id=u1_0.company_id 
    left join
        users o1_0 
            on o1_0.id=c1_0.owner_user_id 
    where
        u1_0.id=?
Hibernate: 
    select
        u1_0.id,
        u1_0.company_id,
        u1_0.created_at,
        u1_0.email,
        u1_0.enabled,
        u1_0.full_name,
        u1_0.level,
        u1_0.password_hash,
        u1_0.role,
        u1_0.updated_at,
        u1_0.xp 
    from
        users u1_0 
    where
        not(u1_0.enabled)
Hibernate: 
    select
        c1_0.id,
        c1_0.created_at,
        c1_0.description,
        c1_0.name,
        c1_0.owner_user_id,
        c1_0.updated_at 
    from
        companies c1_0
Hibernate: 
    select
        u1_0.id,
        u1_0.company_id,
        u1_0.created_at,
        u1_0.email,
        u1_0.enabled,
        u1_0.full_name,
        u1_0.level,
        u1_0.password_hash,
        u1_0.role,
        u1_0.updated_at,
        u1_0.xp 
    from
        users u1_0 
    where
        u1_0.email=?
Hibernate: 
    select
        c1_0.id,
        c1_0.created_at,
        c1_0.description,
        c1_0.name,
        o1_0.id,
        c2_0.id,
        c2_0.created_at,
        c2_0.description,
        c2_0.name,
        c2_0.owner_user_id,
        c2_0.updated_at,
        o1_0.created_at,
        o1_0.email,
        o1_0.enabled,
        o1_0.full_name,
        o1_0.level,
        o1_0.password_hash,
        o1_0.role,
        o1_0.updated_at,
        o1_0.xp,
        c1_0.updated_at 
    from
        companies c1_0 
    left join
        users o1_0 
            on o1_0.id=c1_0.owner_user_id 
    left join
        companies c2_0 
            on c2_0.id=o1_0.company_id 
    where
        c1_0.id=?
Hibernate: 
    select
        u1_0.id,
        u1_0.company_id,
        u1_0.created_at,
        u1_0.email,
        u1_0.enabled,
        u1_0.full_name,
        u1_0.level,
        u1_0.password_hash,
        u1_0.role,
        u1_0.updated_at,
        u1_0.xp 
    from
        users u1_0 
    where
        u1_0.email=?
Hibernate: 
    select
        c1_0.id,
        c1_0.created_at,
        c1_0.description,
        c1_0.name,
        o1_0.id,
        c2_0.id,
        c2_0.created_at,
        c2_0.description,
        c2_0.name,
        c2_0.owner_user_id,
        c2_0.updated_at,
        o1_0.created_at,
        o1_0.email,
        o1_0.enabled,
        o1_0.full_name,
        o1_0.level,
        o1_0.password_hash,
        o1_0.role,
        o1_0.updated_at,
        o1_0.xp,
        c1_0.updated_at 
    from
        companies c1_0 
    left join
        users o1_0 
            on o1_0.id=c1_0.owner_user_id 
    left join
        companies c2_0 
            on c2_0.id=o1_0.company_id 
    where
        c1_0.id=?
Hibernate: 
    select
        u1_0.id,
        c1_0.id,
        c1_0.created_at,
        c1_0.description,
        c1_0.name,
        o1_0.id,
        o1_0.company_id,
        o1_0.created_at,
        o1_0.email,
        o1_0.enabled,
        o1_0.full_name,
        o1_0.level,
        o1_0.password_hash,
        o1_0.role,
        o1_0.updated_at,
        o1_0.xp,
        c1_0.updated_at,
        u1_0.created_at,
        u1_0.email,
        u1_0.enabled,
        u1_0.full_name,
        u1_0.level,
        u1_0.password_hash,
        u1_0.role,
        u1_0.updated_at,
        u1_0.xp 
    from
        users u1_0 
    left join
        companies c1_0 
            on c1_0.id=u1_0.company_id 
    left join
        users o1_0 
            on o1_0.id=c1_0.owner_user_id 
    where
        u1_0.id=?
Hibernate: 
    select
        t1_0.id,
        t1_0.assigned_to_id,
        t1_0.company_id,
        t1_0.created_at,
        t1_0.description,
        t1_0.difficulty,
        t1_0.price,
        t1_0.status,
        t1_0.title,
        t1_0.updated_at 
    from
        tasks t1_0 
    where
        t1_0.status=?
Hibernate: 
    select
        c1_0.id,
        c1_0.created_at,
        c1_0.description,
        c1_0.name,
        o1_0.id,
        c2_0.id,
        c2_0.created_at,
        c2_0.description,
        c2_0.name,
        c2_0.owner_user_id,
        c2_0.updated_at,
        o1_0.created_at,
        o1_0.email,
        o1_0.enabled,
        o1_0.full_name,
        o1_0.level,
        o1_0.password_hash,
        o1_0.role,
        o1_0.updated_at,
        o1_0.xp,
        c1_0.updated_at 
    from
        companies c1_0 
    left join
        users o1_0 
            on o1_0.id=c1_0.owner_user_id 
    left join
        companies c2_0 
            on c2_0.id=o1_0.company_id 
    where
        c1_0.id=?
Hibernate: 
    select
        u1_0.id,
        c1_0.id,
        c1_0.created_at,
        c1_0.description,
        c1_0.name,
        o1_0.id,
        o1_0.company_id,
        o1_0.created_at,
        o1_0.email,
        o1_0.enabled,
        o1_0.full_name,
        o1_0.level,
        o1_0.password_hash,
        o1_0.role,
        o1_0.updated_at,
        o1_0.xp,
        c1_0.updated_at,
        u1_0.created_at,
        u1_0.email,
        u1_0.enabled,
        u1_0.full_name,
        u1_0.level,
        u1_0.password_hash,
        u1_0.role,
        u1_0.updated_at,
        u1_0.xp 
    from
        users u1_0 
    left join
        companies c1_0 
            on c1_0.id=u1_0.company_id 
    left join
        users o1_0 
            on o1_0.id=c1_0.owner_user_id 
    where
        u1_0.id=?
Hibernate: 
    select
        u1_0.id,
        u1_0.company_id,
        u1_0.created_at,
        u1_0.email,
        u1_0.enabled,
        u1_0.full_name,
        u1_0.level,
        u1_0.password_hash,
        u1_0.role,
        u1_0.updated_at,
        u1_0.xp 
    from
        users u1_0 
    where
        u1_0.email=?
Hibernate: 
    select
        c1_0.id,
        c1_0.created_at,
        c1_0.description,
        c1_0.name,
        o1_0.id,
        c2_0.id,
        c2_0.created_at,
        c2_0.description,
        c2_0.name,
        c2_0.owner_user_id,
        c2_0.updated_at,
        o1_0.created_at,
        o1_0.email,
        o1_0.enabled,
        o1_0.full_name,
        o1_0.level,
        o1_0.password_hash,
        o1_0.role,
        o1_0.updated_at,
        o1_0.xp,
        c1_0.updated_at 
    from
        companies c1_0 
    left join
        users o1_0 
            on o1_0.id=c1_0.owner_user_id 
    left join
        companies c2_0 
            on c2_0.id=o1_0.company_id 
    where
        c1_0.id=?
Hibernate: 
    select
        c1_0.id,
        c1_0.created_at,
        c1_0.description,
        c1_0.name,
        c1_0.owner_user_id,
        c1_0.updated_at 
    from
        companies c1_0
Hibernate: 
    select
        u1_0.id,
        u1_0.company_id,
        u1_0.created_at,
        u1_0.email,
        u1_0.enabled,
        u1_0.full_name,
        u1_0.level,
        u1_0.password_hash,
        u1_0.role,
        u1_0.updated_at,
        u1_0.xp 
    from
        users u1_0 
    where
        u1_0.email=?
Hibernate: 
    select
        c1_0.id,
        c1_0.created_at,
        c1_0.description,
        c1_0.name,
        o1_0.id,
        c2_0.id,
        c2_0.created_at,
        c2_0.description,
        c2_0.name,
        c2_0.owner_user_id,
        c2_0.updated_at,
        o1_0.created_at,
        o1_0.email,
        o1_0.enabled,
        o1_0.full_name,
        o1_0.level,
        o1_0.password_hash,
        o1_0.role,
        o1_0.updated_at,
        o1_0.xp,
        c1_0.updated_at 
    from
        companies c1_0 
    left join
        users o1_0 
            on o1_0.id=c1_0.owner_user_id 
    left join
        companies c2_0 
            on c2_0.id=o1_0.company_id 
    where
        c1_0.id=?
Hibernate: 
    select
        u1_0.id,
        c1_0.id,
        c1_0.created_at,
        c1_0.description,
        c1_0.name,
        o1_0.id,
        o1_0.company_id,
        o1_0.created_at,
        o1_0.email,
        o1_0.enabled,
        o1_0.full_name,
        o1_0.level,
        o1_0.password_hash,
        o1_0.role,
        o1_0.updated_at,
        o1_0.xp,
        c1_0.updated_at,
        u1_0.created_at,
        u1_0.email,
        u1_0.enabled,
        u1_0.full_name,
        u1_0.level,
        u1_0.password_hash,
        u1_0.role,
        u1_0.updated_at,
        u1_0.xp 
    from
        users u1_0 
    left join
        companies c1_0 
            on c1_0.id=u1_0.company_id 
    left join
        users o1_0 
            on o1_0.id=c1_0.owner_user_id 
    where
        u1_0.id=?
Hibernate: 
    insert 
    into
        tasks
        (assigned_to_id, company_id, created_at, description, difficulty, price, status, title, updated_at) 
    values
        (?, ?, ?, ?, ?, ?, ?, ?, ?)
Hibernate: 
    select
        u1_0.id,
        c1_0.id,
        c1_0.created_at,
        c1_0.description,
        c1_0.name,
        o1_0.id,
        o1_0.company_id,
        o1_0.created_at,
        o1_0.email,
        o1_0.enabled,
        o1_0.full_name,
        o1_0.level,
        o1_0.password_hash,
        o1_0.role,
        o1_0.updated_at,
        o1_0.xp,
        c1_0.updated_at,
        u1_0.created_at,
        u1_0.email,
        u1_0.enabled,
        u1_0.full_name,
        u1_0.level,
        u1_0.password_hash,
        u1_0.role,
        u1_0.updated_at,
        u1_0.xp 
    from
        users u1_0 
    left join
        companies c1_0 
            on c1_0.id=u1_0.company_id 
    left join
        users o1_0 
            on o1_0.id=c1_0.owner_user_id 
    where
        u1_0.id=?
[INFO] ------------------------------------------------------------------------
[INFO] BUILD FAILURE
[INFO] ------------------------------------------------------------------------
[INFO] Total time:  37:37 min
[INFO] Finished at: 2025-12-26T14:48:57+03:00
[INFO] ------------------------------------------------------------------------
[ERROR] Failed to execute goal org.springframework.boot:spring-boot-maven-plugin:3.2.5:run (default-cli) on project beeserver: Process terminated with exit code: 137 -> [Help 1]
[ERROR] 
[ERROR] To see the full stack trace of the errors, re-run Maven with the -e switch.
[ERROR] Re-run Maven using the -X switch to enable full debug logging.
[ERROR] 
[ERROR] For more information about the errors and possible solutions, please read the following articles:
[ERROR] [Help 1] http://cwiki.apache.org/confluence/display/MAVEN/MojoExecutionException
